[2026/03/29 ÷‹»’  2:00:35.42] run fix_freertos_ac6.bat 
[2026/03/29 ÷‹»’  2:00:35.76] exit code 1 
[2026/03/29 ÷‹»’  2:05:50.31] run fix_freertos_ac6.bat 
[2026/03/29 ÷‹»’  2:05:50.62] exit code 1 
[2026/03/29 ÷‹»’  2:07:09.90] run fix_freertos_ac6.bat 
[2026/03/29 ÷‹»’  2:07:10.21] exit code 1 
[2026/03/29 ÷‹»’  2:11:42.50] run fix_freertos_ac6.bat 
[2026/03/29 ÷‹»’  2:11:42.95] exit code 0 
[2026/03/29 ÷‹»’  2:11:56.39] run fix_freertos_ac6.bat 
[2026/03/29 ÷‹»’  2:11:57.10] exit code 0 
[2026/03/29 ÷‹»’  2:13:35.52] run fix_freertos_ac6.bat 
[2026/03/29 ÷‹»’  2:13:36.27] exit code 0 
[2026/03/29 ÷‹»’  2:15:29.73] run fix_freertos_ac6.bat 
[2026/03/29 ÷‹»’  2:15:30.19] exit code 0 
[2026/03/29 ÷‹»’  2:15:48.27] run fix_freertos_ac6.bat 
[2026/03/29 ÷‹»’  2:15:48.98] exit code 0 
[2026/03/29 ÷‹»’  2:19:04.59] run fix_freertos_ac6.bat 
[2026/03/29 ÷‹»’  2:19:05.06] exit code 0 
[2026/03/29 ÷‹»’  2:19:20.21] run fix_freertos_ac6.bat 
[2026/03/29 ÷‹»’  2:19:20.93] exit code 0 
[2026/03/29 ÷‹»’  2:19:44.90] run fix_freertos_ac6.bat 
[2026/03/29 ÷‹»’  2:19:45.66] exit code 0 
[2026/03/29 ÷‹»’  2:19:49.85] run fix_freertos_ac6.bat 
[2026/03/29 ÷‹»’  2:19:50.55] exit code 0 
[2026/03/29 ÷‹»’  2:39:05.81] run fix_freertos_ac6.bat 
[2026/03/29 ÷‹»’  2:39:06.52] exit code 0 
[2026/03/29 ÷‹»’  2:39:45.34] run fix_freertos_ac6.bat 
[2026/03/29 ÷‹»’  2:39:46.16] exit code 0 
[2026/03/29 ÷‹»’  2:40:09.69] run fix_freertos_ac6.bat 
[2026/03/29 ÷‹»’  2:40:10.38] exit code 0 
[2026/03/29 ÷‹»’  2:40:14.46] run fix_freertos_ac6.bat 
[2026/03/29 ÷‹»’  2:40:15.19] exit code 0 
[2026/03/29 ÷‹»’  2:40:33.00] run fix_freertos_ac6.bat 
[2026/03/29 ÷‹»’  2:40:33.74] exit code 0 
[2026/03/29 ÷‹»’  2:40:45.97] run fix_freertos_ac6.bat 
[2026/03/29 ÷‹»’  2:40:46.69] exit code 0 
[2026/03/30 ÷‹“Ľ  0:32:11.11] run fix_freertos_ac6.bat 
[2026/03/30 ÷‹“Ľ  0:32:12.03] exit code 0 
[2026/03/30 ÷‹“Ľ  0:33:27.28] run fix_freertos_ac6.bat 
[2026/03/30 ÷‹“Ľ  0:33:28.02] exit code 0 
[2026/03/30 ÷‹“Ľ  0:37:03.90] run fix_freertos_ac6.bat 
[2026/03/30 ÷‹“Ľ  0:37:04.58] exit code 0 
[2026/04/02 ÷‹ňń 20:29:55.40] run fix_freertos_ac6.bat 
[2026/04/02 ÷‹ňń 20:29:56.12] exit code 0 
[2026/04/02 ÷‹ňń 20:49:01.45] run fix_freertos_ac6.bat 
[2026/04/02 ÷‹ňń 20:49:02.17] exit code 0 
[2026/04/02 ÷‹ňń 20:49:21.12] run fix_freertos_ac6.bat 
[2026/04/02 ÷‹ňń 20:49:21.82] exit code 0 
[2026/04/02 ÷‹ňń 21:14:49.25] run fix_freertos_ac6.bat 
[2026/04/02 ÷‹ňń 21:14:49.99] exit code 0 
[2026/04/02 ÷‹ňń 21:29:26.97] run fix_freertos_ac6.bat 
[2026/04/02 ÷‹ňń 21:29:27.89] exit code 0 
[2026/04/02 ÷‹ňń 21:29:51.04] run fix_freertos_ac6.bat 
[2026/04/02 ÷‹ňń 21:29:51.77] exit code 0 
[2026/04/02 ÷‹ňń 21:30:53.18] run fix_freertos_ac6.bat 
[2026/04/02 ÷‹ňń 21:30:53.85] exit code 0 
[2026/04/03 ÷‹őŚ  9:34:39.54] run fix_freertos_ac6.bat 
[2026/04/03 ÷‹őŚ  9:34:40.43] exit code 0 
[2026/04/03 ÷‹őŚ  9:43:26.99] run fix_freertos_ac6.bat 
[2026/04/03 ÷‹őŚ  9:43:28.16] exit code 0 
[2026/04/03 ÷‹őŚ  9:43:40.29] run fix_freertos_ac6.bat 
[2026/04/03 ÷‹őŚ  9:43:40.99] exit code 0 
[2026/04/03 ÷‹őŚ  9:49:28.30] run fix_freertos_ac6.bat 
[2026/04/03 ÷‹őŚ  9:49:29.35] exit code 0 
[2026/04/03 ÷‹őŚ  9:49:58.20] run fix_freertos_ac6.bat 
[2026/04/03 ÷‹őŚ  9:49:58.89] exit code 0 
[2026/04/03 ÷‹őŚ 10:06:26.98] run fix_freertos_ac6.bat 
[2026/04/03 ÷‹őŚ 10:06:27.76] exit code 0 
[2026/04/04 ÷‹Ńý 19:44:24.19] run fix_freertos_ac6.bat 
[2026/04/04 ÷‹Ńý 19:44:25.12] exit code 0 
[2026/04/04 ÷‹Ńý 20:19:40.60] run fix_freertos_ac6.bat 
[2026/04/04 ÷‹Ńý 20:19:41.43] exit code 0 
[2026/04/04 ÷‹Ńý 20:29:33.37] run fix_freertos_ac6.bat 
[2026/04/04 ÷‹Ńý 20:29:34.75] exit code 0 
[2026/04/04 ÷‹Ńý 20:58:04.18] run fix_freertos_ac6.bat 
[2026/04/04 ÷‹Ńý 20:58:05.23] exit code 0 
[2026/04/04 ÷‹Ńý 20:58:41.76] run fix_freertos_ac6.bat 
[2026/04/04 ÷‹Ńý 20:58:42.78] exit code 0 
[2026/04/04 ÷‹Ńý 21:01:02.57] run fix_freertos_ac6.bat 
[2026/04/04 ÷‹Ńý 21:01:03.59] exit code 0 
[2026/04/05 ÷‹»’  1:24:17.63] run fix_freertos_ac6.bat 
[2026/04/05 ÷‹»’  1:24:19.41] exit code 0 
[2026/04/05 ÷‹»’  1:32:48.95] run fix_freertos_ac6.bat 
[2026/04/05 ÷‹»’  1:32:50.51] exit code 0 
[2026/04/05 ÷‹»’  1:49:50.96] run fix_freertos_ac6.bat 
[2026/04/05 ÷‹»’  1:49:52.34] exit code 0 
[2026/04/05 ÷‹»’  2:02:08.05] run fix_freertos_ac6.bat 
[2026/04/05 ÷‹»’  2:02:09.21] exit code 0 
[2026/04/05 ÷‹»’ 16:32:53.87] run fix_freertos_ac6.bat 
[2026/04/05 ÷‹»’ 16:32:55.75] exit code 0 
[2026/04/05 ÷‹»’ 16:37:14.18] run fix_freertos_ac6.bat 
[2026/04/05 ÷‹»’ 16:37:15.26] exit code 0 
[2026/04/05 ÷‹»’ 16:37:38.12] run fix_freertos_ac6.bat 
[2026/04/05 ÷‹»’ 16:37:39.16] exit code 0 
[2026/04/05 ÷‹»’ 16:38:05.45] run fix_freertos_ac6.bat 
[2026/04/05 ÷‹»’ 16:38:06.49] exit code 0 
[2026/04/05 ÷‹»’ 16:38:44.29] run fix_freertos_ac6.bat 
[2026/04/05 ÷‹»’ 16:38:45.34] exit code 0 
[2026/04/05 ÷‹»’ 16:39:14.93] run fix_freertos_ac6.bat 
[2026/04/05 ÷‹»’ 16:39:16.01] exit code 0 
[2026/04/05 ÷‹»’ 16:41:10.25] run fix_freertos_ac6.bat 
[2026/04/05 ÷‹»’ 16:41:11.35] exit code 0 
[2026/04/05 ÷‹»’ 16:41:42.70] run fix_freertos_ac6.bat 
[2026/04/05 ÷‹»’ 16:41:43.78] exit code 0 
[2026/04/05 ÷‹»’ 16:54:08.50] run fix_freertos_ac6.bat 
[2026/04/05 ÷‹»’ 16:54:09.61] exit code 0 
[2026/04/05 ÷‹»’ 16:56:54.97] run fix_freertos_ac6.bat 
[2026/04/05 ÷‹»’ 16:56:56.10] exit code 0 
[2026/04/05 ÷‹»’ 16:57:21.91] run fix_freertos_ac6.bat 
[2026/04/05 ÷‹»’ 16:57:22.98] exit code 0 
[2026/04/05 ÷‹»’ 17:04:08.10] run fix_freertos_ac6.bat 
[2026/04/05 ÷‹»’ 17:04:09.46] exit code 0 
[2026/04/07 ÷‹∂Ģ 22:01:07.70] run fix_freertos_ac6.bat 
[2026/04/07 ÷‹∂Ģ 22:01:09.10] exit code 0 
[2026/04/07 ÷‹∂Ģ 22:32:14.49] run fix_freertos_ac6.bat 
[2026/04/07 ÷‹∂Ģ 22:32:17.91] exit code 0 
[2026/04/07 ÷‹∂Ģ 22:32:52.06] run fix_freertos_ac6.bat 
[2026/04/07 ÷‹∂Ģ 22:32:54.26] exit code 0 
[2026/04/07 ÷‹∂Ģ 22:34:02.31] run fix_freertos_ac6.bat 
[2026/04/07 ÷‹∂Ģ 22:34:04.42] exit code 0 
[2026/04/07 ÷‹∂Ģ 22:40:39.89] run fix_freertos_ac6.bat 
[2026/04/07 ÷‹∂Ģ 22:40:41.95] exit code 0 
[2026/04/07 ÷‹∂Ģ 22:40:45.11] run fix_freertos_ac6.bat 
[2026/04/07 ÷‹∂Ģ 22:40:46.77] exit code 0 
[2026/04/08 ÷‹»ż 22:03:33.27] run fix_freertos_ac6.bat 
[2026/04/08 ÷‹»ż 22:03:38.30] exit code 0 
[2026/04/08 ÷‹»ż 22:26:19.04] run fix_freertos_ac6.bat 
[2026/04/08 ÷‹»ż 22:26:20.75] exit code 0 
[2026/04/08 ÷‹»ż 22:26:43.28] run fix_freertos_ac6.bat 
[2026/04/08 ÷‹»ż 22:26:44.97] exit code 0 
[2026/04/08 ÷‹»ż 22:27:02.85] run fix_freertos_ac6.bat 
[2026/04/08 ÷‹»ż 22:27:04.55] exit code 0 
[2026/04/08 ÷‹»ż 22:27:47.27] run fix_freertos_ac6.bat 
[2026/04/08 ÷‹»ż 22:27:48.89] exit code 0 
[2026/04/09 ÷‹ňń 17:28:05.81] run fix_freertos_ac6.bat 
[2026/04/09 ÷‹ňń 17:28:08.27] exit code 0 
